The system is: Linux - 3.4.6-1-ARCH - x86_64
Compiling the C compiler identification source file "CMakeCCompilerId.c" succeeded.
Compiler: /usr/bin/gcc 
Build flags: 
Id flags: 

The output was:
0


Compilation of the C compiler identification source "CMakeCCompilerId.c" produced "a.out"

The C compiler identification is GNU, found in "/home/edvorg/edvorg-drash/qtcreator-build/CMakeFiles/CompilerIdC/a.out"

Compiling the CXX compiler identification source file "CMakeCXXCompilerId.cpp" succeeded.
Compiler: /usr/bin/c++ 
Build flags: 
Id flags: 

The output was:
0


Compilation of the CXX compiler identification source "CMakeCXXCompilerId.cpp" produced "a.out"

The CXX compiler identification is GNU, found in "/home/edvorg/edvorg-drash/qtcreator-build/CMakeFiles/CompilerIdCXX/a.out"

Determining if the C compiler works passed with the following output:
Change Dir: /home/edvorg/edvorg-drash/qtcreator-build/CMakeFiles/CMakeTmp

Run Build Command:/usr/bin/make "cmTryCompileExec888767515/fast"
/usr/bin/make -f CMakeFiles/cmTryCompileExec888767515.dir/build.make CMakeFiles/cmTryCompileExec888767515.dir/build
make[1]: Entering directory `/home/edvorg/edvorg-drash/qtcreator-build/CMakeFiles/CMakeTmp'
/usr/bin/cmake -E cmake_progress_report /home/edvorg/edvorg-drash/qtcreator-build/CMakeFiles/CMakeTmp/CMakeFiles 1
Building C object CMakeFiles/cmTryCompileExec888767515.dir/testCCompiler.c.o
/usr/bin/gcc    -o CMakeFiles/cmTryCompileExec888767515.dir/testCCompiler.c.o   -c /home/edvorg/edvorg-drash/qtcreator-build/CMakeFiles/CMakeTmp/testCCompiler.c
Linking C executable cmTryCompileExec888767515
/usr/bin/cmake -E cmake_link_script CMakeFiles/cmTryCompileExec888767515.dir/link.txt --verbose=1
/usr/bin/gcc         CMakeFiles/cmTryCompileExec888767515.dir/testCCompiler.c.o  -o cmTryCompileExec888767515 -rdynamic 
make[1]: Leaving directory `/home/edvorg/edvorg-drash/qtcreator-build/CMakeFiles/CMakeTmp'


Detecting C compiler ABI info compiled with the following output:
Change Dir: /home/edvorg/edvorg-drash/qtcreator-build/CMakeFiles/CMakeTmp

Run Build Command:/usr/bin/make "cmTryCompileExec2166681484/fast"
/usr/bin/make -f CMakeFiles/cmTryCompileExec2166681484.dir/build.make CMakeFiles/cmTryCompileExec2166681484.dir/build
make[1]: Entering directory `/home/edvorg/edvorg-drash/qtcreator-build/CMakeFiles/CMakeTmp'
/usr/bin/cmake -E cmake_progress_report /home/edvorg/edvorg-drash/qtcreator-build/CMakeFiles/CMakeTmp/CMakeFiles 1
Building C object CMakeFiles/cmTryCompileExec2166681484.dir/CMakeCCompilerABI.c.o
/usr/bin/gcc    -o CMakeFiles/cmTryCompileExec2166681484.dir/CMakeCCompilerABI.c.o   -c /usr/share/cmake-2.8/Modules/CMakeCCompilerABI.c
Linking C executable cmTryCompileExec2166681484
/usr/bin/cmake -E cmake_link_script CMakeFiles/cmTryCompileExec2166681484.dir/link.txt --verbose=1
/usr/bin/gcc       -v CMakeFiles/cmTryCompileExec2166681484.dir/CMakeCCompilerABI.c.o  -o cmTryCompileExec2166681484 -rdynamic  
Using built-in specs.
COLLECT_GCC=/usr/bin/gcc
COLLECT_LTO_WRAPPER=/usr/lib/gcc/x86_64-unknown-linux-gnu/4.7.1/lto-wrapper
Target: x86_64-unknown-linux-gnu
Configured with: /build/src/gcc-4.7-20120721/configure --prefix=/usr --libdir=/usr/lib --libexecdir=/usr/lib --mandir=/usr/share/man --infodir=/usr/share/info --with-bugurl=https://bugs.archlinux.org/ --enable-languages=c,c++,ada,fortran,go,lto,objc,obj-c++ --enable-shared --enable-threads=posix --with-system-zlib --enable-__cxa_atexit --disable-libunwind-exceptions --enable-clocale=gnu --disable-libstdcxx-pch --enable-libstdcxx-time --enable-gnu-unique-object --enable-linker-build-id --with-ppl --enable-cloog-backend=isl --disable-ppl-version-check --disable-cloog-version-check --enable-lto --enable-gold --enable-ld=default --enable-plugin --with-plugin-ld=ld.gold --with-linker-hash-style=gnu --disable-multilib --disable-libssp --disable-build-with-cxx --disable-build-poststage1-with-cxx --enable-checking=release
Thread model: posix
gcc version 4.7.1 20120721 (prerelease) (GCC) 
COMPILER_PATH=/usr/lib/gcc/x86_64-unknown-linux-gnu/4.7.1/:/usr/lib/gcc/x86_64-unknown-linux-gnu/4.7.1/:/usr/lib/gcc/x86_64-unknown-linux-gnu/:/usr/lib/gcc/x86_64-unknown-linux-gnu/4.7.1/:/usr/lib/gcc/x86_64-unknown-linux-gnu/
LIBRARY_PATH=/usr/lib/gcc/x86_64-unknown-linux-gnu/4.7.1/:/usr/lib/gcc/x86_64-unknown-linux-gnu/4.7.1/../../../../lib/:/lib/../lib/:/usr/lib/../lib/:/usr/lib/gcc/x86_64-unknown-linux-gnu/4.7.1/../../../:/lib/:/usr/lib/
COLLECT_GCC_OPTIONS='-v' '-o' 'cmTryCompileExec2166681484' '-rdynamic' '-mtune=generic' '-march=x86-64'
 /usr/lib/gcc/x86_64-unknown-linux-gnu/4.7.1/collect2 --build-id --eh-frame-hdr --hash-style=gnu -m elf_x86_64 -export-dynamic -dynamic-linker /lib/ld-linux-x86-64.so.2 -o cmTryCompileExec2166681484 /usr/lib/gcc/x86_64-unknown-linux-gnu/4.7.1/../../../../lib/crt1.o /usr/lib/gcc/x86_64-unknown-linux-gnu/4.7.1/../../../../lib/crti.o /usr/lib/gcc/x86_64-unknown-linux-gnu/4.7.1/crtbegin.o -L/usr/lib/gcc/x86_64-unknown-linux-gnu/4.7.1 -L/usr/lib/gcc/x86_64-unknown-linux-gnu/4.7.1/../../../../lib -L/lib/../lib -L/usr/lib/../lib -L/usr/lib/gcc/x86_64-unknown-linux-gnu/4.7.1/../../.. CMakeFiles/cmTryCompileExec2166681484.dir/CMakeCCompilerABI.c.o -lgcc --as-needed -lgcc_s --no-as-needed -lc -lgcc --as-needed -lgcc_s --no-as-needed /usr/lib/gcc/x86_64-unknown-linux-gnu/4.7.1/crtend.o /usr/lib/gcc/x86_64-unknown-linux-gnu/4.7.1/../../../../lib/crtn.o
make[1]: Leaving directory `/home/edvorg/edvorg-drash/qtcreator-build/CMakeFiles/CMakeTmp'


Parsed C implicit link information from above output:
  link line regex: [^( *|.*[/\])(ld|ld|collect2)[^/\]*( |$)]
  ignore line: [Change Dir: /home/edvorg/edvorg-drash/qtcreator-build/CMakeFiles/CMakeTmp]
  ignore line: []
  ignore line: [Run Build Command:/usr/bin/make "cmTryCompileExec2166681484/fast"]
  ignore line: [/usr/bin/make -f CMakeFiles/cmTryCompileExec2166681484.dir/build.make CMakeFiles/cmTryCompileExec2166681484.dir/build]
  ignore line: [make[1]: Entering directory `/home/edvorg/edvorg-drash/qtcreator-build/CMakeFiles/CMakeTmp']
  ignore line: [/usr/bin/cmake -E cmake_progress_report /home/edvorg/edvorg-drash/qtcreator-build/CMakeFiles/CMakeTmp/CMakeFiles 1]
  ignore line: [Building C object CMakeFiles/cmTryCompileExec2166681484.dir/CMakeCCompilerABI.c.o]
  ignore line: [/usr/bin/gcc    -o CMakeFiles/cmTryCompileExec2166681484.dir/CMakeCCompilerABI.c.o   -c /usr/share/cmake-2.8/Modules/CMakeCCompilerABI.c]
  ignore line: [Linking C executable cmTryCompileExec2166681484]
  ignore line: [/usr/bin/cmake -E cmake_link_script CMakeFiles/cmTryCompileExec2166681484.dir/link.txt --verbose=1]
  ignore line: [/usr/bin/gcc       -v CMakeFiles/cmTryCompileExec2166681484.dir/CMakeCCompilerABI.c.o  -o cmTryCompileExec2166681484 -rdynamic  ]
  ignore line: [Using built-in specs.]
  ignore line: [COLLECT_GCC=/usr/bin/gcc]
  ignore line: [COLLECT_LTO_WRAPPER=/usr/lib/gcc/x86_64-unknown-linux-gnu/4.7.1/lto-wrapper]
  ignore line: [Target: x86_64-unknown-linux-gnu]
  ignore line: [Configured with: /build/src/gcc-4.7-20120721/configure --prefix=/usr --libdir=/usr/lib --libexecdir=/usr/lib --mandir=/usr/share/man --infodir=/usr/share/info --with-bugurl=https://bugs.archlinux.org/ --enable-languages=c,c++,ada,fortran,go,lto,objc,obj-c++ --enable-shared --enable-threads=posix --with-system-zlib --enable-__cxa_atexit --disable-libunwind-exceptions --enable-clocale=gnu --disable-libstdcxx-pch --enable-libstdcxx-time --enable-gnu-unique-object --enable-linker-build-id --with-ppl --enable-cloog-backend=isl --disable-ppl-version-check --disable-cloog-version-check --enable-lto --enable-gold --enable-ld=default --enable-plugin --with-plugin-ld=ld.gold --with-linker-hash-style=gnu --disable-multilib --disable-libssp --disable-build-with-cxx --disable-build-poststage1-with-cxx --enable-checking=release]
  ignore line: [Thread model: posix]
  ignore line: [gcc version 4.7.1 20120721 (prerelease) (GCC) ]
  ignore line: [COMPILER_PATH=/usr/lib/gcc/x86_64-unknown-linux-gnu/4.7.1/:/usr/lib/gcc/x86_64-unknown-linux-gnu/4.7.1/:/usr/lib/gcc/x86_64-unknown-linux-gnu/:/usr/lib/gcc/x86_64-unknown-linux-gnu/4.7.1/:/usr/lib/gcc/x86_64-unknown-linux-gnu/]
  ignore line: [LIBRARY_PATH=/usr/lib/gcc/x86_64-unknown-linux-gnu/4.7.1/:/usr/lib/gcc/x86_64-unknown-linux-gnu/4.7.1/../../../../lib/:/lib/../lib/:/usr/lib/../lib/:/usr/lib/gcc/x86_64-unknown-linux-gnu/4.7.1/../../../:/lib/:/usr/lib/]
  ignore line: [COLLECT_GCC_OPTIONS='-v' '-o' 'cmTryCompileExec2166681484' '-rdynamic' '-mtune=generic' '-march=x86-64']
  link line: [ /usr/lib/gcc/x86_64-unknown-linux-gnu/4.7.1/collect2 --build-id --eh-frame-hdr --hash-style=gnu -m elf_x86_64 -export-dynamic -dynamic-linker /lib/ld-linux-x86-64.so.2 -o cmTryCompileExec2166681484 /usr/lib/gcc/x86_64-unknown-linux-gnu/4.7.1/../../../../lib/crt1.o /usr/lib/gcc/x86_64-unknown-linux-gnu/4.7.1/../../../../lib/crti.o /usr/lib/gcc/x86_64-unknown-linux-gnu/4.7.1/crtbegin.o -L/usr/lib/gcc/x86_64-unknown-linux-gnu/4.7.1 -L/usr/lib/gcc/x86_64-unknown-linux-gnu/4.7.1/../../../../lib -L/lib/../lib -L/usr/lib/../lib -L/usr/lib/gcc/x86_64-unknown-linux-gnu/4.7.1/../../.. CMakeFiles/cmTryCompileExec2166681484.dir/CMakeCCompilerABI.c.o -lgcc --as-needed -lgcc_s --no-as-needed -lc -lgcc --as-needed -lgcc_s --no-as-needed /usr/lib/gcc/x86_64-unknown-linux-gnu/4.7.1/crtend.o /usr/lib/gcc/x86_64-unknown-linux-gnu/4.7.1/../../../../lib/crtn.o]
    arg [/usr/lib/gcc/x86_64-unknown-linux-gnu/4.7.1/collect2] ==> ignore
    arg [--build-id] ==> ignore
    arg [--eh-frame-hdr] ==> ignore
    arg [--hash-style=gnu] ==> ignore
    arg [-m] ==> ignore
    arg [elf_x86_64] ==> ignore
    arg [-export-dynamic] ==> ignore
    arg [-dynamic-linker] ==> ignore
    arg [/lib/ld-linux-x86-64.so.2] ==> ignore
    arg [-o] ==> ignore
    arg [cmTryCompileExec2166681484] ==> ignore
    arg [/usr/lib/gcc/x86_64-unknown-linux-gnu/4.7.1/../../../../lib/crt1.o] ==> ignore
    arg [/usr/lib/gcc/x86_64-unknown-linux-gnu/4.7.1/../../../../lib/crti.o] ==> ignore
    arg [/usr/lib/gcc/x86_64-unknown-linux-gnu/4.7.1/crtbegin.o] ==> ignore
    arg [-L/usr/lib/gcc/x86_64-unknown-linux-gnu/4.7.1] ==> dir [/usr/lib/gcc/x86_64-unknown-linux-gnu/4.7.1]
    arg [-L/usr/lib/gcc/x86_64-unknown-linux-gnu/4.7.1/../../../../lib] ==> dir [/usr/lib/gcc/x86_64-unknown-linux-gnu/4.7.1/../../../../lib]
    arg [-L/lib/../lib] ==> dir [/lib/../lib]
    arg [-L/usr/lib/../lib] ==> dir [/usr/lib/../lib]
    arg [-L/usr/lib/gcc/x86_64-unknown-linux-gnu/4.7.1/../../..] ==> dir [/usr/lib/gcc/x86_64-unknown-linux-gnu/4.7.1/../../..]
    arg [CMakeFiles/cmTryCompileExec2166681484.dir/CMakeCCompilerABI.c.o] ==> ignore
    arg [-lgcc] ==> lib [gcc]
    arg [--as-needed] ==> ignore
    arg [-lgcc_s] ==> lib [gcc_s]
    arg [--no-as-needed] ==> ignore
    arg [-lc] ==> lib [c]
    arg [-lgcc] ==> lib [gcc]
    arg [--as-needed] ==> ignore
    arg [-lgcc_s] ==> lib [gcc_s]
    arg [--no-as-needed] ==> ignore
    arg [/usr/lib/gcc/x86_64-unknown-linux-gnu/4.7.1/crtend.o] ==> ignore
    arg [/usr/lib/gcc/x86_64-unknown-linux-gnu/4.7.1/../../../../lib/crtn.o] ==> ignore
  remove lib [gcc]
  remove lib [gcc_s]
  remove lib [gcc]
  remove lib [gcc_s]
  collapse dir [/usr/lib/gcc/x86_64-unknown-linux-gnu/4.7.1] ==> [/usr/lib/gcc/x86_64-unknown-linux-gnu/4.7.1]
  collapse dir [/usr/lib/gcc/x86_64-unknown-linux-gnu/4.7.1/../../../../lib] ==> [/usr/lib]
  collapse dir [/lib/../lib] ==> [/lib]
  collapse dir [/usr/lib/../lib] ==> [/usr/lib]
  collapse dir [/usr/lib/gcc/x86_64-unknown-linux-gnu/4.7.1/../../..] ==> [/usr/lib]
  implicit libs: [c]
  implicit dirs: [/usr/lib/gcc/x86_64-unknown-linux-gnu/4.7.1;/usr/lib;/lib]


Determining if the CXX compiler works passed with the following output:
Change Dir: /home/edvorg/edvorg-drash/qtcreator-build/CMakeFiles/CMakeTmp

Run Build Command:/usr/bin/make "cmTryCompileExec2554025779/fast"
/usr/bin/make -f CMakeFiles/cmTryCompileExec2554025779.dir/build.make CMakeFiles/cmTryCompileExec2554025779.dir/build
make[1]: Entering directory `/home/edvorg/edvorg-drash/qtcreator-build/CMakeFiles/CMakeTmp'
/usr/bin/cmake -E cmake_progress_report /home/edvorg/edvorg-drash/qtcreator-build/CMakeFiles/CMakeTmp/CMakeFiles 1
Building CXX object CMakeFiles/cmTryCompileExec2554025779.dir/testCXXCompiler.cxx.o
/usr/bin/c++     -o CMakeFiles/cmTryCompileExec2554025779.dir/testCXXCompiler.cxx.o -c /home/edvorg/edvorg-drash/qtcreator-build/CMakeFiles/CMakeTmp/testCXXCompiler.cxx
Linking CXX executable cmTryCompileExec2554025779
/usr/bin/cmake -E cmake_link_script CMakeFiles/cmTryCompileExec2554025779.dir/link.txt --verbose=1
/usr/bin/c++          CMakeFiles/cmTryCompileExec2554025779.dir/testCXXCompiler.cxx.o  -o cmTryCompileExec2554025779 -rdynamic 
make[1]: Leaving directory `/home/edvorg/edvorg-drash/qtcreator-build/CMakeFiles/CMakeTmp'


Detecting CXX compiler ABI info compiled with the following output:
Change Dir: /home/edvorg/edvorg-drash/qtcreator-build/CMakeFiles/CMakeTmp

Run Build Command:/usr/bin/make "cmTryCompileExec2059313405/fast"
/usr/bin/make -f CMakeFiles/cmTryCompileExec2059313405.dir/build.make CMakeFiles/cmTryCompileExec2059313405.dir/build
make[1]: Entering directory `/home/edvorg/edvorg-drash/qtcreator-build/CMakeFiles/CMakeTmp'
/usr/bin/cmake -E cmake_progress_report /home/edvorg/edvorg-drash/qtcreator-build/CMakeFiles/CMakeTmp/CMakeFiles 1
Building CXX object CMakeFiles/cmTryCompileExec2059313405.dir/CMakeCXXCompilerABI.cpp.o
/usr/bin/c++     -o CMakeFiles/cmTryCompileExec2059313405.dir/CMakeCXXCompilerABI.cpp.o -c /usr/share/cmake-2.8/Modules/CMakeCXXCompilerABI.cpp
Linking CXX executable cmTryCompileExec2059313405
/usr/bin/cmake -E cmake_link_script CMakeFiles/cmTryCompileExec2059313405.dir/link.txt --verbose=1
/usr/bin/c++        -v CMakeFiles/cmTryCompileExec2059313405.dir/CMakeCXXCompilerABI.cpp.o  -o cmTryCompileExec2059313405 -rdynamic  
Using built-in specs.
COLLECT_GCC=/usr/bin/c++
COLLECT_LTO_WRAPPER=/usr/lib/gcc/x86_64-unknown-linux-gnu/4.7.1/lto-wrapper
Target: x86_64-unknown-linux-gnu
Configured with: /build/src/gcc-4.7-20120721/configure --prefix=/usr --libdir=/usr/lib --libexecdir=/usr/lib --mandir=/usr/share/man --infodir=/usr/share/info --with-bugurl=https://bugs.archlinux.org/ --enable-languages=c,c++,ada,fortran,go,lto,objc,obj-c++ --enable-shared --enable-threads=posix --with-system-zlib --enable-__cxa_atexit --disable-libunwind-exceptions --enable-clocale=gnu --disable-libstdcxx-pch --enable-libstdcxx-time --enable-gnu-unique-object --enable-linker-build-id --with-ppl --enable-cloog-backend=isl --disable-ppl-version-check --disable-cloog-version-check --enable-lto --enable-gold --enable-ld=default --enable-plugin --with-plugin-ld=ld.gold --with-linker-hash-style=gnu --disable-multilib --disable-libssp --disable-build-with-cxx --disable-build-poststage1-with-cxx --enable-checking=release
Thread model: posix
gcc version 4.7.1 20120721 (prerelease) (GCC) 
COMPILER_PATH=/usr/lib/gcc/x86_64-unknown-linux-gnu/4.7.1/:/usr/lib/gcc/x86_64-unknown-linux-gnu/4.7.1/:/usr/lib/gcc/x86_64-unknown-linux-gnu/:/usr/lib/gcc/x86_64-unknown-linux-gnu/4.7.1/:/usr/lib/gcc/x86_64-unknown-linux-gnu/
LIBRARY_PATH=/usr/lib/gcc/x86_64-unknown-linux-gnu/4.7.1/:/usr/lib/gcc/x86_64-unknown-linux-gnu/4.7.1/../../../../lib/:/lib/../lib/:/usr/lib/../lib/:/usr/lib/gcc/x86_64-unknown-linux-gnu/4.7.1/../../../:/lib/:/usr/lib/
COLLECT_GCC_OPTIONS='-v' '-o' 'cmTryCompileExec2059313405' '-rdynamic' '-shared-libgcc' '-mtune=generic' '-march=x86-64'
 /usr/lib/gcc/x86_64-unknown-linux-gnu/4.7.1/collect2 --build-id --eh-frame-hdr --hash-style=gnu -m elf_x86_64 -export-dynamic -dynamic-linker /lib/ld-linux-x86-64.so.2 -o cmTryCompileExec2059313405 /usr/lib/gcc/x86_64-unknown-linux-gnu/4.7.1/../../../../lib/crt1.o /usr/lib/gcc/x86_64-unknown-linux-gnu/4.7.1/../../../../lib/crti.o /usr/lib/gcc/x86_64-unknown-linux-gnu/4.7.1/crtbegin.o -L/usr/lib/gcc/x86_64-unknown-linux-gnu/4.7.1 -L/usr/lib/gcc/x86_64-unknown-linux-gnu/4.7.1/../../../../lib -L/lib/../lib -L/usr/lib/../lib -L/usr/lib/gcc/x86_64-unknown-linux-gnu/4.7.1/../../.. CMakeFiles/cmTryCompileExec2059313405.dir/CMakeCXXCompilerABI.cpp.o -lstdc++ -lm -lgcc_s -lgcc -lc -lgcc_s -lgcc /usr/lib/gcc/x86_64-unknown-linux-gnu/4.7.1/crtend.o /usr/lib/gcc/x86_64-unknown-linux-gnu/4.7.1/../../../../lib/crtn.o
make[1]: Leaving directory `/home/edvorg/edvorg-drash/qtcreator-build/CMakeFiles/CMakeTmp'


Parsed CXX implicit link information from above output:
  link line regex: [^( *|.*[/\])(ld|ld|collect2)[^/\]*( |$)]
  ignore line: [Change Dir: /home/edvorg/edvorg-drash/qtcreator-build/CMakeFiles/CMakeTmp]
  ignore line: []
  ignore line: [Run Build Command:/usr/bin/make "cmTryCompileExec2059313405/fast"]
  ignore line: [/usr/bin/make -f CMakeFiles/cmTryCompileExec2059313405.dir/build.make CMakeFiles/cmTryCompileExec2059313405.dir/build]
  ignore line: [make[1]: Entering directory `/home/edvorg/edvorg-drash/qtcreator-build/CMakeFiles/CMakeTmp']
  ignore line: [/usr/bin/cmake -E cmake_progress_report /home/edvorg/edvorg-drash/qtcreator-build/CMakeFiles/CMakeTmp/CMakeFiles 1]
  ignore line: [Building CXX object CMakeFiles/cmTryCompileExec2059313405.dir/CMakeCXXCompilerABI.cpp.o]
  ignore line: [/usr/bin/c++     -o CMakeFiles/cmTryCompileExec2059313405.dir/CMakeCXXCompilerABI.cpp.o -c /usr/share/cmake-2.8/Modules/CMakeCXXCompilerABI.cpp]
  ignore line: [Linking CXX executable cmTryCompileExec2059313405]
  ignore line: [/usr/bin/cmake -E cmake_link_script CMakeFiles/cmTryCompileExec2059313405.dir/link.txt --verbose=1]
  ignore line: [/usr/bin/c++        -v CMakeFiles/cmTryCompileExec2059313405.dir/CMakeCXXCompilerABI.cpp.o  -o cmTryCompileExec2059313405 -rdynamic  ]
  ignore line: [Using built-in specs.]
  ignore line: [COLLECT_GCC=/usr/bin/c++]
  ignore line: [COLLECT_LTO_WRAPPER=/usr/lib/gcc/x86_64-unknown-linux-gnu/4.7.1/lto-wrapper]
  ignore line: [Target: x86_64-unknown-linux-gnu]
  ignore line: [Configured with: /build/src/gcc-4.7-20120721/configure --prefix=/usr --libdir=/usr/lib --libexecdir=/usr/lib --mandir=/usr/share/man --infodir=/usr/share/info --with-bugurl=https://bugs.archlinux.org/ --enable-languages=c,c++,ada,fortran,go,lto,objc,obj-c++ --enable-shared --enable-threads=posix --with-system-zlib --enable-__cxa_atexit --disable-libunwind-exceptions --enable-clocale=gnu --disable-libstdcxx-pch --enable-libstdcxx-time --enable-gnu-unique-object --enable-linker-build-id --with-ppl --enable-cloog-backend=isl --disable-ppl-version-check --disable-cloog-version-check --enable-lto --enable-gold --enable-ld=default --enable-plugin --with-plugin-ld=ld.gold --with-linker-hash-style=gnu --disable-multilib --disable-libssp --disable-build-with-cxx --disable-build-poststage1-with-cxx --enable-checking=release]
  ignore line: [Thread model: posix]
  ignore line: [gcc version 4.7.1 20120721 (prerelease) (GCC) ]
  ignore line: [COMPILER_PATH=/usr/lib/gcc/x86_64-unknown-linux-gnu/4.7.1/:/usr/lib/gcc/x86_64-unknown-linux-gnu/4.7.1/:/usr/lib/gcc/x86_64-unknown-linux-gnu/:/usr/lib/gcc/x86_64-unknown-linux-gnu/4.7.1/:/usr/lib/gcc/x86_64-unknown-linux-gnu/]
  ignore line: [LIBRARY_PATH=/usr/lib/gcc/x86_64-unknown-linux-gnu/4.7.1/:/usr/lib/gcc/x86_64-unknown-linux-gnu/4.7.1/../../../../lib/:/lib/../lib/:/usr/lib/../lib/:/usr/lib/gcc/x86_64-unknown-linux-gnu/4.7.1/../../../:/lib/:/usr/lib/]
  ignore line: [COLLECT_GCC_OPTIONS='-v' '-o' 'cmTryCompileExec2059313405' '-rdynamic' '-shared-libgcc' '-mtune=generic' '-march=x86-64']
  link line: [ /usr/lib/gcc/x86_64-unknown-linux-gnu/4.7.1/collect2 --build-id --eh-frame-hdr --hash-style=gnu -m elf_x86_64 -export-dynamic -dynamic-linker /lib/ld-linux-x86-64.so.2 -o cmTryCompileExec2059313405 /usr/lib/gcc/x86_64-unknown-linux-gnu/4.7.1/../../../../lib/crt1.o /usr/lib/gcc/x86_64-unknown-linux-gnu/4.7.1/../../../../lib/crti.o /usr/lib/gcc/x86_64-unknown-linux-gnu/4.7.1/crtbegin.o -L/usr/lib/gcc/x86_64-unknown-linux-gnu/4.7.1 -L/usr/lib/gcc/x86_64-unknown-linux-gnu/4.7.1/../../../../lib -L/lib/../lib -L/usr/lib/../lib -L/usr/lib/gcc/x86_64-unknown-linux-gnu/4.7.1/../../.. CMakeFiles/cmTryCompileExec2059313405.dir/CMakeCXXCompilerABI.cpp.o -lstdc++ -lm -lgcc_s -lgcc -lc -lgcc_s -lgcc /usr/lib/gcc/x86_64-unknown-linux-gnu/4.7.1/crtend.o /usr/lib/gcc/x86_64-unknown-linux-gnu/4.7.1/../../../../lib/crtn.o]
    arg [/usr/lib/gcc/x86_64-unknown-linux-gnu/4.7.1/collect2] ==> ignore
    arg [--build-id] ==> ignore
    arg [--eh-frame-hdr] ==> ignore
    arg [--hash-style=gnu] ==> ignore
    arg [-m] ==> ignore
    arg [elf_x86_64] ==> ignore
    arg [-export-dynamic] ==> ignore
    arg [-dynamic-linker] ==> ignore
    arg [/lib/ld-linux-x86-64.so.2] ==> ignore
    arg [-o] ==> ignore
    arg [cmTryCompileExec2059313405] ==> ignore
    arg [/usr/lib/gcc/x86_64-unknown-linux-gnu/4.7.1/../../../../lib/crt1.o] ==> ignore
    arg [/usr/lib/gcc/x86_64-unknown-linux-gnu/4.7.1/../../../../lib/crti.o] ==> ignore
    arg [/usr/lib/gcc/x86_64-unknown-linux-gnu/4.7.1/crtbegin.o] ==> ignore
    arg [-L/usr/lib/gcc/x86_64-unknown-linux-gnu/4.7.1] ==> dir [/usr/lib/gcc/x86_64-unknown-linux-gnu/4.7.1]
    arg [-L/usr/lib/gcc/x86_64-unknown-linux-gnu/4.7.1/../../../../lib] ==> dir [/usr/lib/gcc/x86_64-unknown-linux-gnu/4.7.1/../../../../lib]
    arg [-L/lib/../lib] ==> dir [/lib/../lib]
    arg [-L/usr/lib/../lib] ==> dir [/usr/lib/../lib]
    arg [-L/usr/lib/gcc/x86_64-unknown-linux-gnu/4.7.1/../../..] ==> dir [/usr/lib/gcc/x86_64-unknown-linux-gnu/4.7.1/../../..]
    arg [CMakeFiles/cmTryCompileExec2059313405.dir/CMakeCXXCompilerABI.cpp.o] ==> ignore
    arg [-lstdc++] ==> lib [stdc++]
    arg [-lm] ==> lib [m]
    arg [-lgcc_s] ==> lib [gcc_s]
    arg [-lgcc] ==> lib [gcc]
    arg [-lc] ==> lib [c]
    arg [-lgcc_s] ==> lib [gcc_s]
    arg [-lgcc] ==> lib [gcc]
    arg [/usr/lib/gcc/x86_64-unknown-linux-gnu/4.7.1/crtend.o] ==> ignore
    arg [/usr/lib/gcc/x86_64-unknown-linux-gnu/4.7.1/../../../../lib/crtn.o] ==> ignore
  remove lib [gcc_s]
  remove lib [gcc]
  remove lib [gcc_s]
  remove lib [gcc]
  collapse dir [/usr/lib/gcc/x86_64-unknown-linux-gnu/4.7.1] ==> [/usr/lib/gcc/x86_64-unknown-linux-gnu/4.7.1]
  collapse dir [/usr/lib/gcc/x86_64-unknown-linux-gnu/4.7.1/../../../../lib] ==> [/usr/lib]
  collapse dir [/lib/../lib] ==> [/lib]
  collapse dir [/usr/lib/../lib] ==> [/usr/lib]
  collapse dir [/usr/lib/gcc/x86_64-unknown-linux-gnu/4.7.1/../../..] ==> [/usr/lib]
  implicit libs: [stdc++;m;c]
  implicit dirs: [/usr/lib/gcc/x86_64-unknown-linux-gnu/4.7.1;/usr/lib;/lib]


